<?xml version="1.0" encoding="UTF-8"?>
<!-- Generated by org.testng.reporters.JUnitReportReporter -->
<testsuite hostname="DSCHD-PC-CB-64" failures="0" tests="1" name="testPackage.remote" time="25.459" errors="0" timestamp="2021-07-15T12:07:18 IST" skipped="0">
  <testcase classname="testPackage.remote" name="check" time="25.459"/>
  <system-out/>
</testsuite> <!-- testPackage.remote -->
