<?xml version="1.0" encoding="UTF-8"?>
<!-- Generated by org.testng.reporters.JUnitReportReporter -->
<testsuite hostname="DSCHD-PC-CB-64" failures="0" tests="1" name="testPackage.mavenTest1" time="6.934" errors="0" timestamp="2021-07-13T19:50:12 IST" skipped="0">
  <testcase classname="testPackage.mavenTest1" name="test" time="6.934"/>
  <system-out/>
</testsuite> <!-- testPackage.mavenTest1 -->
