<?xml version="1.0" encoding="UTF-8"?>
<!-- Generated by org.testng.reporters.JUnitReportReporter -->
<testsuite hostname="DSCHD-PC-CB-64" failures="0" tests="1" name="testPackage.remote" time="25.108" errors="0" timestamp="15 Jul 2021 06:38:00 GMT">
  <testcase classname="testPackage.remote" name="check" time="25.108"/>
</testsuite> <!-- testPackage.remote -->
